<?xml version="1.0" encoding="UTF-8"?>
<!-- Generated by org.testng.reporters.JUnitReportReporter -->
<testsuite skipped="0" hostname="DESKTOP-3SCMDIA" name="USER_SPACE.TestScripts.M1.TC_CreateOpportunity" tests="3" failures="0" timestamp="26 Mar 2018 12:58:17 GMT" time="0.000" errors="3">
  <testcase name="MyTestScenario" time="0.000" classname="USER_SPACE.TestScripts.M1.TC_CreateOpportunity">
    <error type="org.testng.TestNGException" message="
Parameter &#039;isgrid&#039; is required by @Test on method MyTestScenario but has not been marked @Optional or defined
in C:\Users\mail2\git\INext\Salesforce.Next\TestSuite_SameScriptOnMultiBrowsersInParallel.xml">
      <![CDATA[org.testng.TestNGException: 
Parameter 'isgrid' is required by @Test on method MyTestScenario but has not been marked @Optional or defined
in C:\Users\mail2\git\INext\Salesforce.Next\TestSuite_SameScriptOnMultiBrowsersInParallel.xml
at org.testng.internal.Parameters.createParams(Parameters.java:290)
at org.testng.internal.Parameters.createParametersForMethod(Parameters.java:359)
at org.testng.internal.Parameters.createParameters(Parameters.java:620)
at org.testng.internal.Parameters.handleParameters(Parameters.java:769)
at org.testng.internal.ParameterHandler.handleParameters(ParameterHandler.java:49)
at org.testng.internal.ParameterHandler.createParameters(ParameterHandler.java:37)
at org.testng.internal.Invoker.invokeTestMethods(Invoker.java:923)
at org.testng.internal.TestMethodWorker.invokeTestMethods(TestMethodWorker.java:125)
at org.testng.internal.TestMethodWorker.run(TestMethodWorker.java:109)
at org.testng.TestRunner.privateRun(TestRunner.java:648)
at org.testng.TestRunner.run(TestRunner.java:505)
at org.testng.SuiteRunner.runTest(SuiteRunner.java:455)
at org.testng.SuiteRunner.access$000(SuiteRunner.java:40)
at org.testng.SuiteRunner$SuiteWorker.run(SuiteRunner.java:489)
at org.testng.internal.thread.ThreadUtil$1.call(ThreadUtil.java:52)
at java.util.concurrent.FutureTask.run(FutureTask.java:266)
at java.util.concurrent.ThreadPoolExecutor.runWorker(ThreadPoolExecutor.java:1149)
at java.util.concurrent.ThreadPoolExecutor$Worker.run(ThreadPoolExecutor.java:624)
at java.lang.Thread.run(Thread.java:748)
]]>
    </error>
  </testcase> <!-- MyTestScenario -->
  <testcase name="MyTestScenario" time="0.000" classname="USER_SPACE.TestScripts.M1.TC_CreateOpportunity">
    <error type="org.testng.TestNGException" message="
Parameter &#039;isgrid&#039; is required by @Test on method MyTestScenario but has not been marked @Optional or defined
in C:\Users\mail2\git\INext\Salesforce.Next\TestSuite_SameScriptOnMultiBrowsersInParallel.xml">
      <![CDATA[org.testng.TestNGException: 
Parameter 'isgrid' is required by @Test on method MyTestScenario but has not been marked @Optional or defined
in C:\Users\mail2\git\INext\Salesforce.Next\TestSuite_SameScriptOnMultiBrowsersInParallel.xml
at org.testng.internal.Parameters.createParams(Parameters.java:290)
at org.testng.internal.Parameters.createParametersForMethod(Parameters.java:359)
at org.testng.internal.Parameters.createParameters(Parameters.java:620)
at org.testng.internal.Parameters.handleParameters(Parameters.java:769)
at org.testng.internal.ParameterHandler.handleParameters(ParameterHandler.java:49)
at org.testng.internal.ParameterHandler.createParameters(ParameterHandler.java:37)
at org.testng.internal.Invoker.invokeTestMethods(Invoker.java:923)
at org.testng.internal.TestMethodWorker.invokeTestMethods(TestMethodWorker.java:125)
at org.testng.internal.TestMethodWorker.run(TestMethodWorker.java:109)
at org.testng.TestRunner.privateRun(TestRunner.java:648)
at org.testng.TestRunner.run(TestRunner.java:505)
at org.testng.SuiteRunner.runTest(SuiteRunner.java:455)
at org.testng.SuiteRunner.access$000(SuiteRunner.java:40)
at org.testng.SuiteRunner$SuiteWorker.run(SuiteRunner.java:489)
at org.testng.internal.thread.ThreadUtil$1.call(ThreadUtil.java:52)
at java.util.concurrent.FutureTask.run(FutureTask.java:266)
at java.util.concurrent.ThreadPoolExecutor.runWorker(ThreadPoolExecutor.java:1149)
at java.util.concurrent.ThreadPoolExecutor$Worker.run(ThreadPoolExecutor.java:624)
at java.lang.Thread.run(Thread.java:748)
]]>
    </error>
  </testcase> <!-- MyTestScenario -->
  <testcase name="MyTestScenario" time="0.000" classname="USER_SPACE.TestScripts.M1.TC_CreateOpportunity">
    <error type="org.testng.TestNGException" message="
Parameter &#039;isgrid&#039; is required by @Test on method MyTestScenario but has not been marked @Optional or defined
in C:\Users\mail2\git\INext\Salesforce.Next\TestSuite_SameScriptOnMultiBrowsersInParallel.xml">
      <![CDATA[org.testng.TestNGException: 
Parameter 'isgrid' is required by @Test on method MyTestScenario but has not been marked @Optional or defined
in C:\Users\mail2\git\INext\Salesforce.Next\TestSuite_SameScriptOnMultiBrowsersInParallel.xml
at org.testng.internal.Parameters.createParams(Parameters.java:290)
at org.testng.internal.Parameters.createParametersForMethod(Parameters.java:359)
at org.testng.internal.Parameters.createParameters(Parameters.java:620)
at org.testng.internal.Parameters.handleParameters(Parameters.java:769)
at org.testng.internal.ParameterHandler.handleParameters(ParameterHandler.java:49)
at org.testng.internal.ParameterHandler.createParameters(ParameterHandler.java:37)
at org.testng.internal.Invoker.invokeTestMethods(Invoker.java:923)
at org.testng.internal.TestMethodWorker.invokeTestMethods(TestMethodWorker.java:125)
at org.testng.internal.TestMethodWorker.run(TestMethodWorker.java:109)
at org.testng.TestRunner.privateRun(TestRunner.java:648)
at org.testng.TestRunner.run(TestRunner.java:505)
at org.testng.SuiteRunner.runTest(SuiteRunner.java:455)
at org.testng.SuiteRunner.access$000(SuiteRunner.java:40)
at org.testng.SuiteRunner$SuiteWorker.run(SuiteRunner.java:489)
at org.testng.internal.thread.ThreadUtil$1.call(ThreadUtil.java:52)
at java.util.concurrent.FutureTask.run(FutureTask.java:266)
at java.util.concurrent.ThreadPoolExecutor.runWorker(ThreadPoolExecutor.java:1149)
at java.util.concurrent.ThreadPoolExecutor$Worker.run(ThreadPoolExecutor.java:624)
at java.lang.Thread.run(Thread.java:748)
]]>
    </error>
  </testcase> <!-- MyTestScenario -->
</testsuite> <!-- USER_SPACE.TestScripts.M1.TC_CreateOpportunity -->
